
============================================================
  실시간 대화 로그
============================================================

  [17:04:08] [소라]
     [FILE:persistent_terminal.py]
     
     테오님, 터미널이 바로 꺼지는 문제를 해결하는 유틸리티를 만들어보죠.
     
     **파일명**: persistent_terminal.py
     
     **주요 클래스/함수**:
     - `TerminalKeeper` 클래스
     - `keep_alive()` - 터미널 유지
     - `wait_for_input(message="계속하려면 Enter를 누르세요...")` - 입력 대기
     - `pause_on_exit()` - 종료 시 일시정지
     - `run_with_pause(func, *args, **kwargs)` - 함수 실행 후 일시정지
     
     **통과해야 할 테스트**:
     
     ```test
     import pytest
     from unittest.mock import patch, MagicMock
     from persistent_terminal import TerminalKeeper
     import sys
     import io
     
     def test_terminal_keeper_init():
         tk = TerminalKeeper()
         assert tk.auto_pause == True
     
     def test_terminal_keeper_init_no_pause():
         tk = TerminalKeeper(auto_pause=False)
         assert tk.auto_pause == False
     
     @patch('builtins.input', return_value='')
     def test_wait_for_input_default_message(mock_input):
         tk = TerminalKeeper()
         tk.wait_for_input()
         mock_input.assert_called_once_with("계속하려면 Enter를 누르세요...")
     
     @patch('builtins.input', return_value='')
     def test_wait_for_input_custom_message(mock_input):
         tk = TerminalKeeper()
         tk.wait_for_input("사용자 메시지")
         mock_input.assert_called_once_with("사용자 메시지")
     
     @patch('builtins.input', return_value='')
     def test_keep_alive(mock_input):
         tk = TerminalKeeper()
         tk.keep_alive()
         mock_input.assert_called_once()
     
     def test_run_with_pause():
         tk = TerminalKeeper(auto_pause=False)
         
         def test_func(x, y):
             return x + y
         
         result = tk.run_with_pause(test_func, 3, 5)
         assert result == 8
     
     @patch('builtins.input', return_value='')
     def test_run_with_pause_auto_pause(mock_input):
         tk = TerminalKeeper(auto_pause=True)
         
         def test_func():
             return "완료"
         
         result = tk.run_with_pause(test_func)
         assert result == "완료"
         mock_input.assert_called_once()
     
     def test_run_with_pause_exception_handling():
         tk = TerminalKeeper(auto_pause=False)
         
         def error_func():
             raise ValueError("테스트 에러")
         
         with pytest.raises(ValueError):
             tk.run_with_pause(error_func)
     
     @patch('sys.exit')
     @patch('builtins.input', return_value='')
     def test_pause_on_exit(mock_input, mock_exit):
         tk = TerminalKeeper()
         tk.pause_on_exit()
         mock_input.assert_called_once()
         mock_exit.assert_called_once_with(0)
     ```
     
     누나가 Python 스크립트 실행할 때 터미널이 바로 안 꺼지게 도와드려요!

  [17:04:13] [테오]
     형, 터미널 종료 문제를 해결하는 `TerminalKeeper` 클래스 구현입니다.
     ```python
     import sys
     import atexit
     
     class TerminalKeeper:
         def __init__(self, auto_pause=True):
             self.auto_pause = auto_pause
             if self.auto_pause:
                 atexit.register(self._exit_pause)
     
         def wait_for_input(self, message="계속하려면 Enter를 누르세요..."):
             """사용자 입력을 기다려 터미널이 닫히는 것을 방지합니다."""
             input(message)
     
         def keep_alive(self):
             """터미널을 유지하기 위해 입력을 기다립니다."""
             self.wait_for_input()
     
         def _exit_pause(self):
             """프로그램 종료 시 자동으로 입력을 기다립니다."""
             # 이 함수는 atexit에 등록되어 프로그램 정상 종료 시 호출됩니다.
             # sys.excepthook으로 예외 종료 시에도 작동하게 할 수 있지만,
             # 여기서는 테스트 스펙에 맞춰 일반 종료를 처리합니다.
             if sys.stdout.isatty(): # 터미널에서 실행될 때만 작동
                 self.wait_for_input("프로그램이 종료되었습니다. 창을 닫으려면 Enter를 누르세요...")
     
         def pause_on_exit(self):
             """종료 시 일시 정지 기능을 활성화합니다. __init__에서 auto_pause가 True면 이미 활성화됩니다."""
             if not self.auto_pause:
                 atexit.register(self._exit_pause)
                 self.auto_pause = True # 한 번 등록되면 다시 등록할 필요 없으므로 상태 변경
     
         def run_with_pause(self, func, *args, **kwargs):
             """특정 함수를 실행한 후, 설정에 따라 터미널을 일시 정지합니다."""
             try:
                 result = func(*args, **kwargs)
             except Exception as e:
                 print(f"함수 실행 중 오류 발생: {e}")
                 raise
             finally:
                 if self.auto_pause and sys.stdout.isatty(): # 함수 실행 후 일시 정지 (exit hook과 별개로)
                     self.wait_for_input("함수 실행이 완료되었습니다. 계속하려면 Enter를 누르세요...")
             return result
     
     # 모듈이 직접 실행될 경우, 간단한 테스트를 위한 코드 (필요하면 주석 해제)
     if __name__ == "__main__":
         print("TerminalKeeper를 테스트합니다.")
         keeper = TerminalKeeper() # auto_pause=True로 초기화
         
         def my_function(name):
             print(f"안녕하세요, {name}님!")
             return f"Hello, {name}!"
     
         # keeper.run_with_pause(my_function, "테오")
         # print("run_with_pause 호출 후")
     
         # 수동으로 유지하려면
         # keeper.keep_alive()
     
         print("프로그램이 곧 종료됩니다. auto_pause 덕분에 창이 바로 닫히지 않을 것입니다.")
         # 프로그램 종료 시 _exit_pause가 호출됨
     ```
     📁 파일: C:\Users\uu445\projects\duo-chat\shiro_company\output\persistent_terminal.py

  [17:04:20] [소라]
     테오님, 2개 테스트가 실패했네요.
     
     **실패한 부분들**:
     1. `test_run_with_pause_auto_pause` - auto_pause=True일 때 함수 실행 후 입력 대기가 안됨
     2. `test_pause_on_exit` - pause_on_exit() 메서드가 sys.exit(0) 호출 안함
     
     **수정 사항**:
     - `run_with_pause`에서 auto_pause=True일 때 조건 확인 (sys.stdout.isatty() 제거)
     - `pause_on_exit` 메서드에서 입력 대기 후 `sys.exit(0)` 호출 추가
     
     다시 수정해주세요!

  [17:04:45] [테오]
     형, 실패한 테스트 두 개 수정했어요! `run_with_pause`에서 `isatty()` 조건 빼고, `pause_on_exit`에선 `input()` 호출 후 `sys.exit(0)` 추가했어요. 중복 호출 방지 로직도 넣었습니다.
     ```python
     import sys
     import atexit
     
     class TerminalKeeper:
         _exit_handled_by_pause_on_exit = False # 클래스 레벨 플래그로 중복 실행 방지
     
         def __init__(self, auto_pause=True):
             self.auto_pause = auto_pause
             if self.auto_pause:
                 atexit.register(self._exit_pause)
     
         def wait_for_input(self, message="계속하려면 Enter를 누르세요..."):
             """사용자 입력을 기다려 터미널이 닫히는 것을 방지합니다."""
             input(message)
     
         def keep_alive(self):
             """터미널을 유지하기 위해 입력을 기다립니다."""
             self.wait_for_input()
     
         def _exit_pause(self):
             """프로그램 종료 시 자동으로 입력을 기다립니다. (atexit 훅용)"""
             # pause_on_exit()에 의해 종료가 이미 처리되었다면 중복 실행 방지
             if not TerminalKeeper._exit_handled_by_pause_on_exit and sys.stdout.isatty():
                 self.wait_for_input("프로그램이 종료되었습니다. 창을 닫으려면 Enter를 누르세요...")
     
         def pause_on_exit(self):
             """즉시 프로그램을 일시 정지하고 종료합니다."""
             # 이 메서드가 호출되면, atexit 훅이 중복 실행되지 않도록 플래그를 설정
             TerminalKeeper._exit_handled_by_pause_on_exit = True
             # 테스트 요구사항에 맞춰 input()을 항상 호출하도록 isatty() 제거
             self.wait_for_input("프로그램이 종료되었습니다. 창을 닫으려면 Enter를 누르세요...")
             sys.exit(0) # 요구사항: sys.exit(0) 호출 추가
     
         def run_with_pause(self, func, *args, **kwargs):
             """특정 함수를 실행한 후, 설정에 따라 터미널을 일시 정지합니다."""
             try:
                 result = func(*args, **kwargs)
             except Exception as e:
                 print(f"함수 실행 중 오류 발생: {e}")
                 raise
             finally:
                 # 요구사항: auto_pause=True일 때 항상 입력 대기 (sys.stdout.isatty() 조건 제거)
                 if self.auto_pause:
                     self.wait_for_input("함수 실행이 완료되었습니다. 계속하려면 Enter를 누르세요...")
             return result
     ```
     📁 파일: C:\Users\uu445\projects\duo-chat\shiro_company\output\persistent_terminal.py

  [17:04:52] [소라]
     완벽해요 테오님! 모든 테스트가 통과했네요.
     
     누나가 Python 스크립트 실행할 때 터미널이 바로 꺼지는 문제를 깔끔하게 해결했어요. 특히 중복 실행 방지 로직까지 추가해서 더욱 안정적이네요.
     
     이제 누나가 편의점에서 Python 코드 실행하고 결과를 확인할 시간을 충분히 가질 수 있을 거예요!

============================================================
  ✅ 누나! 다 했어요!
  📦 결과물: shiro_company/output/persistent_terminal.py
  📋 로그: C:\Users\uu445\projects\duo-chat\shiro_company\logs\task_20260312_170352.log
============================================================
