
============================================================
  실시간 대화 로그
============================================================

  💡 소라가 결정한 태스크: 간단한 계산기 만들어줘

  [18:04:37] [소라]
     [FILE:calculator.py]
     
     테오님, 간단한 계산기를 만들어주세요.
     
     **파일명:** calculator.py
     
     **주요 기능:**
     - Calculator 클래스 구현
     - 기본 연산: 덧셈, 뺄셈, 곱셈, 나눗셈
     - calculate() 메서드로 문자열 수식 계산 (예: "2 + 3", "10 / 2")
     - 0으로 나누기 예외 처리
     
     **통과해야 할 테스트:**
     
     ```test
     import pytest
     from calculator import Calculator
     
     def test_addition():
         calc = Calculator()
         assert calc.calculate("2 + 3") == 5
         assert calc.calculate("10 + 0") == 10
     
     def test_subtraction():
         calc = Calculator()
         assert calc.calculate("5 - 3") == 2
         assert calc.calculate("0 - 5") == -5
     
     def test_multiplication():
         calc = Calculator()
         assert calc.calculate("4 * 3") == 12
         assert calc.calculate("7 * 0") == 0
     
     def test_division():
         calc = Calculator()
         assert calc.calculate("10 / 2") == 5
         assert calc.calculate("15 / 3") == 5
     
     def test_division_by_zero():
         calc = Calculator()
         with pytest.raises(ValueError):
             calc.calculate("5 / 0")
     
     def test_float_operations():
         calc = Calculator()
         assert calc.calculate("3.5 + 2.5") == 6.0
         assert calc.calculate("10.5 / 3") == 3.5
     
     def test_negative_numbers():
         calc = Calculator()
         assert calc.calculate("-5 + 3") == -2
         assert calc.calculate("10 + -3") == 7
     
     def test_invalid_expression():
         calc = Calculator()
         with pytest.raises(ValueError):
             calc.calculate("invalid")
     ```
     
     **필수사항:** 
     - if __name__ == "__main__" 블록에 데모 실행
     - 마지막에 input("종료하려면 Enter를 누르세요...") 추가해서 터미널이 바로 안 꺼지게 해주세요

  [18:04:43] [테오]
     알겠어 형! 간단한 계산기 만들어줄게.
     
     calculator.py 파일이야.
     ```python
     class Calculator:
         def calculate(self, expression: str):
             parts = expression.split()
             if len(parts) != 3:
                 raise ValueError("잘못된 수식 형식입니다. '숫자 연산자 숫자' 형식으로 입력해주세요.")
     
             try:
                 num1 = float(parts[0])
                 operator = parts[1]
                 num2 = float(parts[2])
             except ValueError:
                 raise ValueError("숫자 변환에 실패했습니다. 올바른 숫자를 입력해주세요.")
     
             if operator == '+':
                 return num1 + num2
             elif operator == '-':
                 return num1 - num2
             elif operator == '*':
                 return num1 * num2
             elif operator == '/':
                 if num2 == 0:
                     raise ValueError("0으로 나눌 수 없습니다.")
                 return num1 / num2
             else:
                 raise ValueError(f"지원하지 않는 연산자입니다: {operator}")
     
     if __name__ == "__main__":
         calc = Calculator()
         print("간단한 계산기 데모를 시작합니다.")
     
         try:
             print(f"'2 + 3' = {calc.calculate('2 + 3')}")
             print(f"'10 - 5' = {calc.calculate('10 - 5')}")
             print(f"'4 * 6' = {calc.calculate('4 * 6')}")
             print(f"'10.5 / 2.5' = {calc.calculate('10.5 / 2.5')}")
             print(f"'-5 + 3' = {calc.calculate('-5 + 3')}")
             print(f"'7 * 0' = {calc.calculate('7 * 0')}")
     
             # 에러 케이스 테스트
             print("\n에러 케이스 테스트:")
             try:
                 calc.calculate("5 / 0")
             except ValueError as e:
                 print(f"예상된 에러: {e}")
     
             try:
                 calc.calculate("invalid expression")
             except ValueError as e:
                 print(f"예상된 에러: {e}")
     
             try:
                 calc.calculate("2 + ")
             except ValueError as e:
                 print(f"예상된 에러: {e}")
     
         except Exception as e:
             print(f"예기치 않은 오류 발생: {e}")
         
         print("\n데모가 종료되었습니다.")
         input("종료하려면 Enter를 누르세요...")
     ```
     📁 파일: C:\Users\uu445\projects\duo-chat\shiro_company\output\calculator.py

  [18:04:49] [소라]
     테오님, 완벽하게 구현해주셨네요!
     
     **테스트 결과:** ✅ 8/8 통과
     - 모든 기본 연산 정상 작동
     - 0으로 나누기 예외 처리 완벽
     - 소수점 연산, 음수 처리 모두 통과
     - 잘못된 표현식 예외 처리까지 완료
     
     계산기가 정상적으로 동작합니다. 누나가 더블클릭으로 실행해도 터미널이 바로 꺼지지 않고 데모를 확인할 수 있을 거예요.

============================================================
  ✅ 누나! 다 했어요!
  📦 결과물: shiro_company/output/calculator.py
  📋 로그: C:\Users\uu445\projects\duo-chat\shiro_company\logs\task_20260312_180426.log
============================================================
