
============================================================
  실시간 대화 로그
============================================================

  [17:07:37] [소라]
     [FILE:daily_gift.py]
     
     테오님, 누나한테 드릴 일일 선물 시스템을 만들어볼게요.
     
     **파일명**: daily_gift.py
     
     **주요 클래스/함수**:
     - `DailyGift` 클래스
     - `get_todays_gift()` - 오늘의 선물 반환
     - `get_gift_by_date(date)` - 특정 날짜 선물 반환
     - `add_custom_gift(category, item)` - 커스텀 선물 추가
     
     선물 카테고리는 동기부여 명언, 유용한 팁, 재미있는 사실, 감정적 격려 등으로 구성하면 좋을 것 같아요.
     
     ```test
     import pytest
     from datetime import date, datetime
     from daily_gift import DailyGift
     
     def test_daily_gift_initialization():
         gift_system = DailyGift()
         assert gift_system is not None
     
     def test_get_todays_gift():
         gift_system = DailyGift()
         gift = gift_system.get_todays_gift()
         assert isinstance(gift, dict)
         assert 'category' in gift
         assert 'message' in gift
         assert 'date' in gift
     
     def test_get_gift_by_specific_date():
         gift_system = DailyGift()
         test_date = date(2024, 1, 1)
         gift = gift_system.get_gift_by_date(test_date)
         assert isinstance(gift, dict)
         assert gift['date'] == test_date.strftime('%Y-%m-%d')
     
     def test_same_date_returns_same_gift():
         gift_system = DailyGift()
         gift1 = gift_system.get_todays_gift()
         gift2 = gift_system.get_todays_gift()
         assert gift1['message'] == gift2['message']
         assert gift1['category'] == gift2['category']
     
     def test_add_custom_gift():
         gift_system = DailyGift()
         gift_system.add_custom_gift("motivation", "테오님과 소라님이 최고!")
         custom_gifts = gift_system.get_custom_gifts()
         assert "motivation" in custom_gifts
         assert "테오님과 소라님이 최고!" in custom_gifts["motivation"]
     
     def test_gift_has_required_fields():
         gift_system = DailyGift()
         gift = gift_system.get_todays_gift()
         required_fields = ['category', 'message', 'date']
         for field in required_fields:
             assert field in gift
             assert gift[field] is not None
     
     def test_different_dates_different_gifts():
         gift_system = DailyGift()
         gift1 = gift_system.get_gift_by_date(date(2024, 1, 1))
         gift2 = gift_system.get_gift_by_date(date(2024, 1, 2))
         assert gift1['message'] != gift2['message'] or gift1['category'] != gift2['category']
     
     def test_category_validation():
         gift_system = DailyGift()
         gift = gift_system.get_todays_gift()
         valid_categories = ['motivation', 'tip', 'fact', 'encouragement', 'wisdom']
         assert gift['category'] in valid_categories
     ```
     
     테오님, 이 테스트들이 모두 통과하도록 구현해주세요!

  [17:07:48] [테오]
     오케이 형. 누나 선물 시스템 바로 짜줄게.
     여기 `daily_gift.py` 파일이야.
     
     ```python
     import random
     from datetime import date, datetime
     
     class DailyGift:
         def __init__(self):
             self._default_gifts = {
                 "motivation": [
                     "매일매일 성장하는 테오님과 소라님 멋지다!",
                     "포기하지 않는 용기가 새로운 길을 열어줄 거야.",
                     "오늘의 작은 노력이 내일의 큰 성공을 만든다.",
                     "가장 큰 위험은 아무런 위험도 감수하지 않는 것이다.",
                     "시작이 반이다! 일단 시작해 봐."
                 ],
                 "tip": [
                     "하루에 15분 독서는 뇌를 깨우는 좋은 습관이야.",
                     "물 한 잔 마시고 시작하면 더 집중할 수 있어.",
                     "작업 중간에 스트레칭하면 피로가 풀려.",
                     "중요한 일부터 처리하는 습관을 들이면 효율이 올라가.",
                     "매일 할 일 목록을 작성하고 완료하는 습관을 들여봐."
                 ],
                 "fun_fact": [
                     "인간의 뇌는 몸무게의 2%를 차지하지만, 에너지의 20%를 소모한다.",
                     "지구상의 모든 개미를 합치면 인간의 총 무게보다 더 무겁다.",
                     "꿀벌은 날개짓을 1초에 200번 한다.",
                     "코끼리는 점프를 할 수 없는 유일한 포유류다.",
                     "하품은 뇌를 식히는 데 도움이 된다고 알려져 있다."
                 ],
                 "encouragement": [
                     "오늘도 수고했어! 최고야.",
                     "잘하고 있어, 조금만 더 힘내자!",
                     "네 존재만으로도 충분히 빛나.",
                     "어떤 어려움도 극복할 수 있는 힘이 너에겐 있어.",
                     "오늘 하루도 멋지게 마무리하길 바라!"
                 ]
             }
             self._custom_gifts = {
                 "motivation": [],
                 "tip": [],
                 "fun_fact": [],
                 "encouragement": []
             }
     
         def _get_all_gifts(self):
             all_gifts = []
             for category, messages in self._default_gifts.items():
                 for msg in messages:
                     all_gifts.append({'category': category, 'message': msg})
             for category, messages in self._custom_gifts.items():
                 for msg in messages:
                     all_gifts.append({'category': category, 'message': msg})
             return all_gifts
     
         def _get_consistent_gift_for_date(self, target_date: date):
             all_gifts = self._get_all_gifts()
             if not all_gifts:
                 return {'category': 'information', 'message': '선물이 아직 준비되지 않았습니다.'}
     
             # Use date components to create a consistent 'seed' for gift selection
             # This ensures the same date always gets the same gift, regardless of call time
             seed_value = target_date.year * 10000 + target_date.month * 100 + target_date.day
             
             # Consistent selection using modulo
             chosen_index = seed_value % len(all_gifts)
             
             chosen_gift = all_gifts[chosen_index]
             return {
                 'category': chosen_gift['category'],
                 'message': chosen_gift['message'],
                 'date': target_date.strftime('%Y-%m-%d')
             }
     
         def get_todays_gift(self):
             today = datetime.now().date()
             return self._get_consistent_gift_for_date(today)
     
         def get_gift_by_date(self, target_date: date):
             return self._get_consistent_gift_for_date(target_date)
     
         def add_custom_gift(self, category: str, item: str):
             if category in self._custom_gifts:
                 self._custom_gifts[category].append(item)
             else:
                 # If a new category is added, initialize it
                 self._custom_gifts[category] = [item]
         
         # This method is for testing purposes, as per the test case.
         def get_custom_gifts(self):
             return self._custom_gifts
     ```
     📁 파일: C:\Users\uu445\projects\duo-chat\shiro_company\output\daily_gift.py

  [17:07:54] [소라]
     테오님, 테스트가 거의 다 통과했는데 `test_category_validation`에서 실패했어요.
     
     문제는 카테고리 이름이 안 맞는 것 같아요. 테스트에서는 `['motivation', 'tip', 'fact', 'encouragement', 'wisdom']`을 기대하는데, 코드에서는 `fun_fact`를 쓰고 있네요.
     
     카테고리 이름을 테스트에 맞게 수정해주세요:
     - `fun_fact` → `fact`
     - `wisdom` 카테고리도 추가
     
     그리고 `_get_all_gifts()` 메서드가 중간에 끊어진 것 같으니 완성해주세요.

  [17:08:02] [테오]
     형, 알겠어. 카테고리 이름 맞추고 `wisdom` 추가할게. `_get_all_gifts()`도 마저 보냈으니 확인해 줘.
     
     ```python
     import random
     from datetime import date, datetime
     
     class DailyGift:
         def __init__(self):
             self._default_gifts = {
                 "motivation": [
                     "매일매일 성장하는 테오님과 소라님 멋지다!",
                     "포기하지 않는 용기가 새로운 길을 열어줄 거야.",
                     "오늘의 작은 노력이 내일의 큰 성공을 만든다.",
                     "가장 큰 위험은 아무런 위험도 감수하지 않는 것이다.",
                     "시작이 반이다! 일단 시작해 봐."
                 ],
                 "tip": [
                     "하루에 15분 독서는 뇌를 깨우는 좋은 습관이야.",
                     "물 한 잔 마시고 시작하면 더 집중할 수 있어.",
                     "작업 중간에 스트레칭하면 피로가 풀려.",
                     "중요한 일부터 처리하는 습관을 들이면 효율이 올라가.",
                     "매일 할 일 목록을 작성하고 완료하는 습관을 들여봐."
                 ],
                 "fact": [ # 'fun_fact' -> 'fact'
                     "인간의 뇌는 몸무게의 2%를 차지하지만, 에너지의 20%를 소모한다.",
                     "지구상의 모든 개미를 합치면 인간의 총 무게보다 더 무겁다.",
                     "꿀벌은 날개짓을 1초에 200번 한다.",
                     "코끼리는 점프를 할 수 없는 유일한 포유류다.",
                     "하품은 뇌를 식히는 데 도움이 된다고 알려져 있다."
                 ],
                 "encouragement": [
                     "오늘도 수고했어! 최고야.",
                     "잘하고 있어, 조금만 더 힘내자!",
                     "네 존재만으로도 충분히 빛나.",
                     "어떤 어려움도 극복할 수 있는 힘이 너에겐 있어.",
                     "오늘 하루도 멋지게 마무리하길 바라!"
                 ],
                 "wisdom": [ # 'wisdom' 카테고리 추가
                     "인생은 용기의 연속이다. 나아가라.",
                     "어제의 자신보다 오늘 더 나은 자신을 만들어라.",
                     "실패는 성공의 어머니다. 다시 시도하라.",
                     "진정한 지혜는 모르는 것을 인정하는 데서 시작된다.",
                     "가장 어두운 밤이 지나야 새벽이 온다."
                 ]
             }
             self._custom_gifts = {
                 "motivation": [],
                 "tip": [],
                 "fact": [], # 'fun_fact' -> 'fact'
                 "encouragement": [],
                 "wisdom": [] # 'wisdom' 카테고리 추가
             }
     
         def _get_all_gifts(self):
             all_gifts = []
             for category, messages in self._default_gifts.items():
                 for msg in messages:
                     all_gifts.append({'category': category, 'message': msg})
             
             # Ensure custom gifts from existing default categories are added
             for category, messages in self._custom_gifts.items():
                 for msg in messages:
                     all_gifts.append({'category': category, 'message': msg})
             return all_gifts
     
         def _get_consistent_gift_for_date(self, target_date: date):
             all_gifts = self._get_all_gifts()
             if not all_gifts:
                 return {'category': 'information', 'message': '선물이 아직 준비되지 않았습니다.'}
     
             seed_value = target_date.year * 10000 + target_date.month * 100 + target_date.day
             
             chosen_index = seed_value % len(all_gifts)
             
             chosen_gift = all_gifts[chosen_index]
             return {
                 'category': chosen_gift['category'],
                 'message': chosen_gift['message'],
                 'date': target_date.strftime('%Y-%m-%d')
             }
     
         def get_todays_gift(self):
             today = datetime.now().date()
             return self._get_consistent_gift_for_date(today)
     
         def get_gift_by_date(self, target_date: date):
             return self._get_consistent_gift_for_date(target_date)
     
         def add_custom_gift(self, category: str, item: str):
             # Validate category against existing default/custom categories or allow new ones.
             # For now, allow new ones as per previous implementation, but also ensure
             # that default categories can have custom gifts added.
             if category in self._custom_gifts:
                 self._custom_gifts[category].append(item)
             elif category in self._default_gifts: # Allow adding to existing default categories
                  if category not in self._custom_gifts: # If not yet in custom, initialize
                     self._custom_gifts[category] = []
                  self._custom_gifts[category].append(item)
             else:
                 # If a completely new category is added, initialize it
                 self._custom_gifts[category] = [item]
         
         # This method is for testing purposes, as per the test case.
         def get_custom_gifts(self):
             return self._custom_gifts
     ```
     📁 파일: C:\Users\uu445\projects\duo-chat\shiro_company\output\daily_gift.py

  [17:08:08] [소라]
     완벽해요, 테오님! 🎉
     
     모든 테스트가 통과했네요. 누나가 이제 `daily_gift.py`를 실행해서 매일 다른 선물을 받을 수 있어요.
     
     - 오늘의 선물: `get_todays_gift()`
     - 특정 날짜 선물: `get_gift_by_date(date)`  
     - 커스텀 선물 추가도 가능하고요.
     
     동기부여, 팁, 재미있는 사실, 격려, 지혜까지 5개 카테고리로 알차게 구성했네요!

============================================================
  ✅ 누나! 다 했어요!
  📦 결과물: shiro_company/output/daily_gift.py
  📋 로그: C:\Users\uu445\projects\duo-chat\shiro_company\logs\task_20260312_170722.log
============================================================
