
============================================================
  실시간 대화 로그
============================================================

  [16:51:51] [소라]
     [FILE:gift_recommender.py]
     
     테오님, 누나에게 선물 추천 시스템을 만들어보죠. 
     
     **파일명**: gift_recommender.py
     
     **주요 기능**:
     - `GiftRecommender` 클래스
     - `recommend_gifts(occasion, budget, interests)` 메서드 - 상황/예산/관심사 기반 추천
     - `get_gift_categories()` 메서드 - 가능한 선물 카테고리 반환
     - `validate_budget(budget)` 메서드 - 예산 유효성 검사
     
     누나 컨텍스트를 반영해서 AI/개발 관련 선물, 편의점 근무 고려한 실용 아이템, 버스 통근용 아이템들을 포함해주세요.
     
     ```test
     import pytest
     from gift_recommender import GiftRecommender
     
     def test_recommend_gifts_birthday():
         recommender = GiftRecommender()
         gifts = recommender.recommend_gifts("birthday", 50000, ["AI", "coding"])
         assert len(gifts) > 0
         assert isinstance(gifts, list)
     
     def test_recommend_gifts_low_budget():
         recommender = GiftRecommender()
         gifts = recommender.recommend_gifts("random", 10000, ["books"])
         assert len(gifts) > 0
         assert all(gift['price'] <= 10000 for gift in gifts)
     
     def test_recommend_gifts_high_budget():
         recommender = GiftRecommender()
         gifts = recommender.recommend_gifts("special", 200000, ["tech"])
         assert len(gifts) > 0
     
     def test_get_gift_categories():
         recommender = GiftRecommender()
         categories = recommender.get_gift_categories()
         assert "tech" in categories
         assert "books" in categories
         assert isinstance(categories, list)
     
     def test_validate_budget_valid():
         recommender = GiftRecommender()
         assert recommender.validate_budget(50000) == True
         assert recommender.validate_budget(1000) == True
     
     def test_validate_budget_invalid():
         recommender = GiftRecommender()
         assert recommender.validate_budget(-1000) == False
         assert recommender.validate_budget(0) == False
     
     def test_recommend_gifts_empty_interests():
         recommender = GiftRecommender()
         gifts = recommender.recommend_gifts("birthday", 30000, [])
         assert len(gifts) > 0
     
     def test_recommend_gifts_multiple_interests():
         recommender = GiftRecommender()
         gifts = recommender.recommend_gifts("appreciation", 80000, ["AI", "convenience", "travel"])
         assert len(gifts) > 0
     
     def test_gift_format():
         recommender = GiftRecommender()
         gifts = recommender.recommend_gifts("random", 50000, ["tech"])
         for gift in gifts:
             assert 'name' in gift
             assert 'price' in gift
             assert 'description' in gift
     ```

  [16:52:07] [테오]
     소라 형, 누나를 위한 선물 추천 시스템 `gift_recommender.py` 파일을 작성했어요. 말씀하신 `GiftRecommender` 클래스와 `recommend_gifts`, `get_gift_categories`, `validate_budget` 메서드를 구현했습니다.
     
     누나의 AI/개발, 편의점 근무, 버스 통근 상황을 고려해서 다양한 선물 아이디어를 포함시켰습니다.
     
     ```python
     import math
     
     class GiftRecommender:
         def __init__(self):
             self.all_gifts = [
                 # AI/개발 관련 선물
                 {"name": "인공지능 개론 서적", "price": 30000, "categories": ["books", "tech"], "interests": ["AI", "coding"], "occasion_suitability": ["birthday", "random"]},
                 {"name": "온라인 코딩 강의 수강권", "price": 70000, "categories": ["tech", "education"], "interests": ["AI", "coding"], "occasion_suitability": ["birthday", "special"]},
                 {"name": "인체공학 마우스", "price": 50000, "categories": ["tech", "ergonomic"], "interests": ["coding", "work"], "occasion_suitability": ["birthday", "random"]},
                 {"name": "미니 코딩 로봇 키트", "price": 120000, "categories": ["tech", "hobby"], "interests": ["AI", "coding"], "occasion_suitability": ["birthday", "special"]},
                 {"name": "클라우드 서비스 크레딧", "price": 80000, "categories": ["tech"], "interests": ["AI", "coding"], "occasion_suitability": ["random"]},
                 {"name": "개발자 노트북 스탠드", "price": 45000, "categories": ["tech", "ergonomic"], "interests": ["coding", "work"], "occasion_suitability": ["random"]},
     
                 # 편의점 근무 고려 실용 아이템
                 {"name": "발 편한 기능성 깔창", "price": 15000, "categories": ["practical", "comfort"], "interests": ["work", "health"], "occasion_suitability": ["random"]},
                 {"name": "보온/보냉 텀블러", "price": 25000, "categories": ["practical", "drink"], "interests": ["work", "commuting"], "occasion_suitability": ["random"]},
                 {"name": "손목 보호대", "price": 20000, "categories": ["practical", "health"], "interests": ["work", "comfort"], "occasion_suitability": ["random"]},
                 {"name": "피로회복 비타민 영양제", "price": 40000, "categories": ["health"], "interests": ["work", "health"], "occasion_suitability": ["random"]},
                 {"name": "휴대용 미니 선풍기", "price": 18000, "categories": ["practical", "seasonal"], "interests": ["work", "comfort"], "occasion_suitability": ["random"]},
                 {"name": "간편식 쿠폰 (편의점/배달)", "price": 10000, "categories": ["food"], "interests": ["work", "practical"], "occasion_suitability": ["random"]},
     
                 # 버스 통근용 아이템
                 {"name": "노이즈 캔슬링 이어폰", "price": 150000, "categories": ["tech", "audio"], "interests": ["commuting", "music"], "occasion_suitability": ["birthday", "special"]},
                 {"name": "휴대용 보조배터리", "price": 35000, "categories": ["tech", "charging"], "interests": ["commuting", "tech"], "occasion_suitability": ["random"]},
                 {"name": "편안한 목베개", "price": 22000, "categories": ["comfort", "travel"], "interests": ["commuting", "travel"], "occasion_suitability": ["random"]},
                 {"name": "전자책 리더기", "price": 180000, "categories": ["books", "tech"], "interests": ["commuting", "reading"], "occasion_suitability": ["birthday", "special"]},
                 {"name": "미니 자동 우산", "price": 28000, "categories": ["practical"], "interests": ["commuting"], "occasion_suitability": ["random"]},
                 {"name": "대중교통 카드 충전", "price": 50000, "categories": ["practical"], "interests": ["commuting"], "occasion_suitability": ["random"]},
     
                 # 기타 일반 선물
                 {"name": "예쁜 머그컵", "price": 12000, "categories": ["home", "drink"], "interests": ["general"], "occasion_suitability": ["random"]},
                 {"name": "향기 좋은 핸드크림 세트", "price": 20000, "categories": ["beauty", "practical"], "interests": ["general"], "occasion_suitability": ["random"]},
                 {"name": "커피 기프티콘", "price": 10000, "categories": ["food"], "interests": ["general"], "occasion_suitability": ["random"]},
             ]
         
         def recommend_gifts(self, occasion, budget, interests):
             """
             상황(occasion), 예산(budget), 관심사(interests)를 기반으로 선물을 추천합니다.
             :param occasion: 선물 상황 (예: "birthday", "special", "random")
             :param budget: 최대 예산 (정수)
             :param interests: 관심사 목록 (예: ["AI", "coding", "tech"])
             :return: 추천된 선물 목록 (각 선물은 딕셔너리 형태)
             """
             if not self.validate_budget(budget):
                 return []
     
             recommended = []
             # 관심사가 비어있으면 모든 관심사에 대해 필터링하지 않음
             has_specific_interests = len(interests) > 0
             
             for gift in self.all_gifts:
                 # 1. 예산 필터링
                 if gift["price"] > budget:
                     continue
                 
                 # 2. 관심사 필터링
                 if has_specific_interests:
                     # gift의 interests와 입력 interests 간의 교집합이 있는지 확인
                     if not any(i in gift["interests"] for i in interests):
                         continue
                 
                 # 3. 상황 필터링 (선택적: 현재 테스트에는 강하게 반영되지 않지만, 확장성을 위해 추가)
                 # if occasion not in gift["occasion_suitability"] and "random" not in gift["occasion_suitability"]:
                 #    continue
                 
                 recommended.append(gift)
             
             # 가격이 낮은 순으로 정렬 (동일 가격 시 이름순)
             recommended.sort(key=lambda x: (x["price"], x["name"]))
             
             return recommended
     
         def get_gift_categories(self):
             """
             가능한 모든 선물 카테고리 목록을 반환합니다.
             :return: 카테고리 이름 목록 (list of str)
             """
             categories = set()
             for gift in self.all_gifts:
                 categories.update(gift["categories"])
             return sorted(list(categories)) # 정렬된 리스트 반환
     
         def validate_budget(self, budget):
             """
             예산의 유효성을 검사합니다.
             예산은 0보다 큰 숫자(정수 또는 실수)여야 합니다.
             :param budget: 검사할 예산
             :return: 유효하면 True, 그렇지 않으면 False
             """
             return isinstance(budget, (int, float)) and budget > 0 and not math.isinf(budget) and not math.isnan(budget)
     
     ```
     📁 파일: C:\Users\uu445\projects\duo-chat\shiro_company\output\gift_recommender.py

  [16:52:12] [테오]
     알겠습니다, 형! 누나 선물 추천 시스템 바로 구현해서 보낼게.
     
     누나 선물 추천 시스템입니다.
     ```python
     # gift_recommender.py
     
     class GiftRecommender:
         def __init__(self):
             # 테오의 누나 컨텍스트 반영: AI/개발, 편의점 근무, 버스 통근
             self.gifts_db = [
                 # AI/개발 관련
                 {"name": "파이썬 머신러닝 책", "category": "tech", "price": 35000, "interests": ["AI", "coding", "books", "learning"], "occasion_tags": ["birthday", "special", "random"]},
                 {"name": "온라인 코딩 강의 구독권", "category": "tech", "price": 70000, "interests": ["AI", "coding", "learning"], "occasion_tags": ["birthday", "special"]},
                 {"name": "기계식 키보드", "category": "tech", "price": 120000, "interests": ["coding", "tech", "office"], "occasion_tags": ["birthday", "special"]},
                 {"name": "인체공학 마우스", "category": "tech", "price": 50000, "interests": ["coding", "tech", "practical", "office"], "occasion_tags": ["birthday", "special", "random"]},
                 {"name": "스마트 머그컵 (온도 유지)", "category": "home_office", "price": 60000, "interests": ["tech", "practical", "daily"], "occasion_tags": ["birthday", "random"]},
                 
                 # 편의점 근무 고려한 실용 아이템
                 {"name": "고품질 보온병/텀블러", "category": "practical", "price": 30000, "interests": ["practical", "daily", "comfort"], "occasion_tags": ["birthday", "random", "convenience"]},
                 {"name": "편안한 기능성 신발", "category": "practical", "price": 80000, "interests": ["practical", "daily", "comfort", "convenience"], "occasion_tags": ["birthday", "special", "convenience"]},
                 {"name": "핸드크림 세트", "category": "beauty", "price": 25000, "interests": ["practical", "beauty", "daily", "comfort"], "occasion_tags": ["birthday", "random", "convenience"]},
                 {"name": "소형 휴대용 선풍기/히터", "category": "practical", "price": 40000, "interests": ["practical", "tech", "comfort", "convenience"], "occasion_tags": ["birthday", "random"]},
                 {"name": "튼튼한 에코백/장바구니", "category": "fashion", "price": 20000, "interests": ["practical", "daily", "eco"], "occasion_tags": ["random", "convenience"]},
     
                 # 버스 통근용 아이템
                 {"name": "노이즈 캔슬링 무선 이어폰", "category": "tech", "price": 150000, "interests": ["tech", "music", "practical", "commute", "comfort"], "occasion_tags": ["birthday", "special", "commute"]},
                 {"name": "전자책 리더기", "category": "tech", "price": 100000, "interests": ["books", "tech", "commute", "reading"], "occasion_tags": ["birthday", "special", "commute"]},
                 {"name": "목베개", "category": "travel", "price": 15000, "interests": ["practical", "comfort", "commute"], "occasion_tags": ["random", "commute"]},
                 {"name": "휴대용 보조배터리", "category": "tech", "price": 45000, "interests": ["tech", "practical", "commute"], "occasion_tags": ["birthday", "random", "commute"]},
                 {"name": "따뜻한 스카프", "category": "fashion", "price": 30000, "interests": ["fashion", "practical", "commute", "comfort"], "occasion_tags": ["random", "commute"]},
                 
                 # 기타 (저렴한 선물 및 범용)
                 {"name": "커피 기프티콘", "category": "food", "price": 5000, "interests": ["daily", "food", "comfort"], "occasion_tags": ["random", "convenience"]},
                 {"name": "초콜릿 세트", "category": "food", "price": 10000, "interests": ["food", "comfort"], "occasion_tags": ["random"]},
                 {"name": "마스크팩 세트", "category": "beauty", "price": 12000, "interests": ["beauty", "comfort"], "occasion_tags": ["random"]},
                 {"name": "책갈피 세트", "category": "books", "price": 8000, "interests": ["books", "reading"], "occasion_tags": ["random"]},
                 {"name": "미니 화분", "category": "home_decor", "price": 20000, "interests": ["decor", "comfort"], "occasion_tags": ["random"]},
             ]
     
         def recommend_gifts(self, occasion: str, budget: int, interests: list) -> list:
             if not self.validate_budget(budget):
                 return []
     
             eligible_gifts = [
                 gift for gift in self.gifts_db if gift["price"] <= budget
             ]
     
             # 관심사 및 상황에 따른 가중치 부여 (간단한 매칭 로직)
             scored_gifts = []
             for gift in eligible_gifts:
                 score = 0
                 
                 # 관심사 일치 점수 (대소문자 무시)
                 lower_interests = [i.lower() for i in interests]
                 for gift_interest in gift["interests"]:
                     if gift_interest.lower() in lower_interests:
                         score += 5
                 
                 # 상황 일치 점수 (대소문자 무시)
                 lower_occasion_tags = [tag.lower() for tag in gift["occasion_tags"]]
                 if occasion.lower() in lower_occasion_tags:
                     score += 3 
                 
                 # 기본 점수 (모든 예산 내 선물에 적용)
                 score += 1 
     
                 scored_gifts.append((gift, score))
     
             # 점수 기준으로 내림차순 정렬, 점수가 같으면 가격 낮은 순
             scored_gifts.sort(key=lambda x: (x[1], -x[0]['price']), reverse=True)
     
             # 상위 N개 (최대 5개) 추천
             recommended = [item[0] for item in scored_gifts[:5]]
             
             # 만약 아무것도 추천되지 않았다면, 예산 내에서 저렴한 선물 3개 반환 (fallback)
             if not recommended and eligible_gifts:
                 eligible_gifts.sort(key=lambda x: x['price'])
                 return eligible_gifts[:3]
             
             return recommended
     
         def get_gift_categories(self) -> list:
             categories = set()
             for gift in self.gifts_db:
                 categories.add(gift["category"])
             return sorted(list(categories))
     
         def validate_budget(self, budget: int) -> bool:
             return isinstance(budget, (int, float)) and budget > 0
     
     ```
     📁 파일: C:\Users\uu445\projects\duo-chat\shiro_company\output\gift_recommender.py

  [16:52:14] [소라]
     테오님, 테스트 두 개가 실패했네요.
     
     **FAILED**: `test_recommend_gifts_low_budget`과 `test_gift_format`
     
     실패 원인을 보니:
     1. 저예산(10000원) 테스트에서 예산 초과 아이템이 포함됨
     2. 선물 딕셔너리 형식이 기대와 다름 (`description` 키 누락)
     
     `recommend_gifts` 메서드에서:
     - 예산 필터링 로직 수정
     - 반환하는 선물 딕셔너리에 `description` 키 추가
     
     다시 수정해서 올려주세요!

  [16:52:33] [테오]
     소라 형, 테스트 실패 원인 피드백 확인했습니다. `test_recommend_gifts_low_budget`에서 예산 초과 아이템이 포함된 문제와, 반환하는 선물 딕셔너리에 `description` 키가 누락된 문제를 해결했어요.
     
     1.  **예산 필터링 수정**: `recommend_gifts` 메서드에서 예산 필터링 로직을 다시 확인하고, `low_budget` 테스트에서 10000원 이하의 "books" 관련 선물이 제대로 추천될 수 있도록 데이터도 추가했습니다. 이제 예산 초과 아이템은 포함되지 않을 거예요.
     2.  **`description` 키 추가**: `self.all_gifts`에 있는 모든 선물 아이템 딕셔너

  [16:52:38] [테오]
     형, 요청하신대로 `description` 키를 추가하고 예산 필터링 로직을 재확인해서 수정했어요.
     ```python
     # gift_recommender.py
     
     class GiftRecommender:
         def __init__(self):
             # 테오의 누나 컨텍스트 반영: AI/개발, 편의점 근무, 버스 통근
             self.gifts_db = [
                 # AI/개발 관련
                 {"name": "파이썬 머신러닝 책", "category": "tech", "price": 35000, "interests": ["AI", "coding", "books", "learning"], "occasion_tags": ["birthday", "special", "random"], "description": "인공지능 개발의 필수, 파이썬 머신러닝 기초 서적입니다."},
                 {"name": "온라인 코딩 강의 구독권", "category": "tech", "price": 70000, "interests": ["AI", "coding", "learning"], "occasion_tags": ["birthday", "special"], "description": "최신 기술을 배울 수 있는 온라인 코딩 강의 구독권입니다."},
                 {"name": "기계식 키보드", "category": "tech", "price": 120000, "interests": ["coding", "tech", "office"], "occasion_tags": ["birthday", "special"], "description": "타건감이 좋은 개발자용 기계식 키보드입니다."},
                 {"name": "인체공학 마우스", "category": "tech", "price": 50000, "interests": ["coding", "tech", "practical", "office"], "occasion_tags": ["birthday", "special", "random"], "description": "장시간 작업에도 손목이 편안한 인체공학 마우스입니다."},
                 {"name": "스마트 머그컵 (온도 유지)", "category": "home_office", "price": 60000, "interests": ["tech", "practical", "daily"], "occasion_tags": ["birthday", "random"], "description": "음료 온도를 일정하게 유지해주는 스마트 머그컵입니다."},
                 
                 # 편의점 근무 고려한 실용 아이템
                 {"name": "고품질 보온병/텀블러", "category": "practical", "price": 30000, "interests": ["practical", "daily", "comfort"], "occasion_tags": ["birthday", "random", "convenience"], "description": "편의점 근무 중에도 따뜻하거나 시원한 음료를 즐길 수 있는 보온병입니다."},
                 {"name": "편안한 기능성 신발", "category": "practical", "price": 80000, "interests": ["practical", "daily", "comfort", "convenience"], "occasion_tags": ["birthday", "special", "convenience"], "description": "오래 서 있어도 발이 편안한 기능성 신발입니다."},
                 {"name": "핸드크림 세트", "category": "beauty", "price": 25000, "interests": ["practical", "beauty", "daily", "comfort"], "occasion_tags": ["birthday", "random", "convenience"], "description": "잦은 손 소독으로 건조해진 손을 위한 핸드크림 세트입니다."},
                 {"name": "소형 휴대용 선풍기/히터", "category": "practical", "price": 40000, "interests": ["practical", "tech", "comfort", "convenience"], "occasion_tags": ["birthday", "random"], "description": "계절에 맞춰 사용할 수 있는 휴대용 선풍기 또는 히터입니다."},
                 {"name": "튼튼한 에코백/장바구니", "category": "fashion", "price": 20000, "interests": ["practical", "daily", "eco"], "occasion_tags": ["random", "convenience"], "description": "환경을 생각하는 누나를 위한 튼튼한 에코백입니다."},
     
                 # 버스 통근용 아이템
                 {"name": "노이즈 캔슬링 무선 이어폰", "category": "tech", "price": 150000, "interests": ["tech", "music", "practical", "commute", "comfort"], "occasion_tags": ["birthday", "special", "commute"], "description": "출퇴근길 소음을 차단하고 음악에 집중할 수 있는 이어폰입니다."},
                 {"name": "전자책 리더기", "category": "tech", "price": 100000, "interests": ["books", "tech", "commute", "reading"], "occasion_tags": ["birthday", "special", "commute"], "description": "버스 안에서도 가볍게 독서할 수 있는 전자책 리더기입니다."},
                 {"name": "목베개", "category": "travel", "price": 15000, "interests": ["practical", "comfort", "commute"], "occasion_tags": ["random", "commute"], "description": "긴 버스 통근길에 편안함을 더해줄 목베개입니다."},
                 {"name": "휴대용 보조배터리", "category": "tech", "price": 45000, "interests": ["tech", "practical", "commute"], "occasion_tags": ["birthday", "random", "commute"], "description": "이동 중에도 스마트폰 충전 걱정 없는 보조배터리입니다."},
                 {"name": "따뜻한 스카프", "category": "fashion", "price": 30000, "interests": ["fashion", "practical", "commute", "comfort"], "occasion_tags": ["random", "commute"], "description": "추운 출퇴근길에 목을 따뜻하게 감싸줄 스카프입니다."},
                 
                 # 기타 (저렴한 선물 및 범용)
                 {"name": "커피 기프티콘", "category": "food", "price": 5000, "interests": ["daily", "food", "comfort"], "occasion_tags": ["random", "convenience"], "description": "피곤할 때 힘이 되는 시원한 커피 한 잔 기프티콘입니다."},
                 {"name": "초콜릿 세트", "category": "food", "price": 10000, "interests": ["food", "comfort"], "occasion_tags": ["random"], "description": "달콤한 휴식을 위한 프리미엄 초콜릿 세트입니다."},
                 {"name": "마스크팩 세트", "category": "beauty", "price": 12000, "interests": ["beauty", "comfort"], "occasion_tags": ["random"], "description": "지친 피부를 위한 촉촉한 마스크팩 세트입니다."},
                 {"name": "책갈피 세트", "category": "books", "price": 8000, "interests": ["books", "reading"], "occasion_tags": ["random"], "description": "독서를 즐기는 누나를 위한 예쁜 책갈피 세트입니다."},
                 {"name": "미니 화분", "category": "home_decor", "price": 20000, "interests": ["decor", "comfort"], "occasion_tags": ["random"], "description": "책상 위 작은 힐링을 선사할 미니 화분입니다."},
             ]
     
         def recommend_gifts(self, occasion: str, budget: int, interests: list) -> list:
             if not self.validate_budget(budget):
                 return []
     
             # 1차 필터링: 예산 내에 있는 선물만 선택
             eligible_gifts = [
                 gift for gift in self.gifts_db if gift["price"] <= budget
             ]
     
             # 관심사 및 상황에 따른 가중치 부여 (간단한 매칭 로직)
             scored_gifts = []
             for gift in eligible_gifts:
                 score = 0
                 
                 # 관심사 일치 점수 (대소문자 무시)
                 lower_interests = [i.lower() for i in interests]
                 for gift_interest in gift["interests"]:
                     if gift_interest.lower() in lower_interests:
                         score += 5
                 
                 # 상황 일치 점수 (대소문자 무시)
                 lower_occasion_tags = [tag.lower() for tag in gift["occasion_tags"]]
                 if occasion.lower() in lower_occasion_tags:
                     score += 3 
                 
                 # 기본 점수 (모든 예산 내 선물에 적용)
                 score += 1 
     
                 scored_gifts.append((gift, score))
     
             # 점수 기준으로 내림차순 정렬, 점수가 같으면 가격 낮은 순
             scored_gifts.sort(key=lambda x: (x[1], -x[0]['price']), reverse=True)
     
             # 상위 N개 (최대 5개) 추천
             recommended = [item[0] for item in scored_gifts[:5]]
             
             # 만약 아무것도 추천되지 않았다면, 예산 내에서 저렴한 선물 3개 반환 (fallback)
             if not recommended and eligible_gifts:
                 eligible_gifts.sort(key=lambda x: x['price'])
                 return eligible_gifts[:3]
             
             return recommended
     
         def get_gift_categories(self) -> list:
             categories = set()
             for gift in self.gifts_db:
                 categories.add(gift["category"])
             return sorted(list(categories))
     
         def validate_budget(self, budget: int) -> bool:
             return isinstance(budget, (int, float)) and budget > 0
     
     ```
     📁 파일: C:\Users\uu445\projects\duo-chat\shiro_company\output\gift_recommender.py

  [16:52:38] [소라]
     테오님, 코드를 완전히 다시 올려주세요. 
     
     지금 코드가 중간에 끊어져서 실행할 수 없어요. 전체 `gift_recommender.py` 파일을 처음부터 끝까지 완성해서 보내주시면 됩니다.
     
     특히:
     - 예산 10000원 이하 선물 아이템 추가
     - 모든 선물에 `description` 키 포함
     - `recommend_gifts` 메서드 예산 필터링 확실히
     
     전체 파일로 다시 부탁드려요!

  [16:52:50] [테오]
     소라 형, 계속 코드가 잘려서 죄송해요. 이번에는 전체 `gift_recommender.py` 파일을 처음부터 끝까지 완전하게 작성해서 보내드립니다. 말씀하신 `description` 키를 모든 선물에 추가했고, 10000원 이하의 책 관련 선물도 추가했어요. `recommend_gifts` 메서드의 예산 필터링도 다시 확인했습니다.
     
     ```python
     import math
     
     class GiftRecommender:
         def __init__(self):
             # 테오의 누나 컨텍스트 반영: AI/개발, 편의점 근무, 버스 통근
             self.gifts_db = [
                 # AI/개발 관련
                 {"name": "파이썬 머신러닝 책", "category": "books", "price": 35000, "interests": ["AI", "coding", "books", "learning"], "occasion_tags": ["birthday", "special", "random"], "description": "인공지능 개발의 필수, 파이썬 머신러닝 기초 서적입니다."},
                 {"name": "온라인 코딩 강의 구독권", "category": "tech", "price": 70000, "interests": ["AI", "coding", "learning"], "occasion_tags": ["birthday", "special"], "description": "최신 기술을 배울 수 있는 온라인 코딩 강의 구독권입니다."},
                 {"name": "기계식 키보드", "category": "tech", "price": 120000, "interests": ["coding", "tech", "office"], "occasion_tags": ["birthday", "special"], "description": "타건감이 좋은 개발자용 기계식 키보드입니다."},
                 {"name": "인체공학 마우스", "category": "tech", "price": 50000, "interests": ["coding", "tech", "practical", "office"], "occasion_tags": ["birthday", "special", "random"], "description": "장시간 작업에도 손목이 편안한 인체공학 마우스입니다."},
                 {"name": "스마트 머그컵 (온도 유지)", "category": "home_office", "price": 60000, "interests": ["tech", "practical", "daily"], "occasion_tags": ["birthday", "random"], "description": "음료 온도를 일정하게 유지해주는 스마트 머그컵입니다."},
                 
                 # 편의점 근무 고려한 실용 아이템
                 {"name": "고품질 보온병/텀블러", "category": "practical", "price": 30000, "interests": ["practical", "daily", "comfort"], "occasion_tags": ["birthday", "random", "convenience"], "description": "근무 중 따뜻하거나 시원한 음료를 마실 수 있는 보온병입니다."},
                 {"name": "편안한 기능성 신발", "category": "practical", "price": 80000, "interests": ["practical", "daily", "comfort", "convenience"], "occasion_tags": ["birthday", "special", "convenience"], "description": "오래 서서 일하는 누나를 위한 발이 편안한 기능성 신발입니다."},
                 {"name": "손목 보호대", "category": "health", "price": 20000, "interests": ["practical", "health", "convenience"], "occasion_tags": ["random"], "description": "장시간 작업으로 인한 손목 통증을 완화해 줄 보호대입니다."},
                 {"name": "휴대용 미니 가습기", "category": "practical", "price": 25000, "interests": ["practical", "comfort", "convenience"], "occasion_tags": ["random"], "description": "건조한 실내 공기를 쾌적하게 만들어 줄 미니 가습기입니다."},
     
                 # 버스 통근용 아이템
                 {"name": "노이즈 캔슬링 이어폰", "category": "audio", "price": 150000, "interests": ["tech", "audio", "commuting", "music"], "occasion_tags": ["birthday", "special"], "description": "버스 통근길 소음을 차단하고 음악에 집중할 수 있는 이어폰입니다."},
                 {"name": "휴대용 보조배터리", "category": "tech", "price": 35000, "interests": ["tech", "charging", "commuting"], "occasion_tags": ["random"], "description": "버스 안에서 스마트폰 충전 걱정 없는 필수템입니다."},
                 {"name": "전자책 리더기", "category": "books", "price": 180000, "interests": ["books", "tech", "commuting", "reading"], "occasion_tags": ["birthday", "special"], "description": "통근길 독서를 즐길 수 있는 가벼운 전자책 리더기입니다."},
                 {"name": "예쁜 카드 지갑 (교통카드)", "category": "practical", "price": 18000, "interests": ["practical", "commuting", "fashion"], "occasion_tags": ["random"], "description": "교통카드를 편리하게 수납할 수 있는 세련된 카드 지갑입니다."},
     
                 # 저예산 및 기타 일반 선물 (테스트를 위해 추가/조정)
                 {"name": "미니 북 라이트", "category": "books", "price": 8000, "interests": ["books", "reading", "practical"], "occasion_tags": ["random"], "description": "어두운 곳에서도 독서를 가능하게 하는 작은 책 조명입니다."},
                 {"name": "향 좋은 핸드크림 세트", "category": "beauty", "price": 15000, "interests": ["beauty", "practical"], "occasion_tags": ["random"], "description": "피부 보습과 기분 전환에 좋은 핸드크림 세트입니다."},
                 {"name": "커피 기프티콘", "category": "food", "price": 10000, "interests": ["food", "daily"], "occasion_tags": ["random"], "description": "언제든 즐길 수 있는 따뜻한 커피 한 잔 기프티콘입니다."},
             ]
         
         def recommend_gifts(self, occasion, budget, interests):
             """
             상황(occasion), 예산(budget), 관심사(interests)를 기반으로 선물을 추천합니다.
             :param occasion: 선물 상황 (예: "birthday", "special", "random")
             :param budget: 최대 예산 (정수 또는 실수)
             :param interests: 관심사 목록 (예: ["AI", "coding", "tech"])
             :return: 추천된 선물 목록 (각 선물은 딕셔너리 형태)
             """
             if not self.validate_budget(budget):
                 return []
     
             recommended_gifts = []
             
             for gift in self.gifts_db:
                 # 1. 예산 필터링
                 if gift["price"] > budget:
                     continue
                 
                 # 2. 관심사 필터링 (입력된 관심사가 없으면 모든 선물 고려)
                 if interests: # interests 리스트가 비어있지 않은 경우에만 필터링
                     if not any(i in gift["interests"] for i in interests):
                         continue
                 
                 # 3. 상황 필터링 (optional: 'random'은 모든 상황에 적합하다고 간주)
                 # 현재 테스트에서는 occasion_suitability가 필수 필터링 조건은 아니므로,
                 # 엄격하게 적용하기보다 넓게 포함하는 방식으로 둠.
                 # if occasion not in gift["occasion_tags"] and "random" not in gift["occasion_tags"]:
                 #    continue
     
                 recommended_gifts.append(gift)
             
             # 가격이 낮은 순으로 정렬 (동일 가격 시 이름순)
             recommended_gifts.sort(key=lambda x: (x["price"], x["name"]))
             
             return recommended_gifts
     
         def get_gift_categories(self):
             """
             가능한 모든 선물 카테고리 목록을 반환합니다.
             :return: 카테고리 이름 목록 (list of str)
             """
             categories = set()
             for gift in self.gifts_db:
                 categories.add(gift["category"])
             return sorted(list(categories))
     
         def validate_budget(self, budget):
             """
             예산의 유효성을 검사합니다.
             예산은 0보다 큰 숫자(정수 또는 실수)여야 합니다.
             :param budget: 검사할 예산
             :return: 유효하면 True, 그렇지 않으면 False
             """
             # budget이 int나 float 타입이고, 0보다 크고, 무한대가 아니며, NaN이 아닌지 확인
             return isinstance(budget, (int, float)) and budget > 0 and not math.isinf(budget) and not math.isnan(budget)
     
     ```
     📁 파일: C:\Users\uu445\projects\duo-chat\shiro_company\output\gift_recommender.py

  [16:52:52] [테오]
     형, 죄송해요! 코드가 잘렸었네요. 말씀하신 수정사항들 반영해서 `gift_recommender.py` 파일 전체 다시 보내드립니다.
     ```python
     # gift_recommender.py
     
     class GiftRecommender:
         def __init__(self):
             # 테오의 누나 컨텍스트 반영: AI/개발, 편의점 근무, 버스 통근
             self.gifts_db = [
                 # AI/개발 관련
                 {"name": "파이썬 머신러닝 책", "category": "tech", "price": 35000, "interests": ["AI", "coding", "books", "learning"], "occasion_tags": ["birthday", "special", "random"], "description": "인공지능 개발의 필수, 파이썬 머신러닝 기초 서적입니다."},
                 {"name": "온라인 코딩 강의 구독권", "category": "tech", "price": 70000, "interests": ["AI", "coding", "learning"], "occasion_tags": ["birthday", "special"], "description": "최신 기술을 배울 수 있는 온라인 코딩 강의 구독권입니다."},
                 {"name": "기계식 키보드", "category": "tech", "price": 120000, "interests": ["coding", "tech", "office"], "occasion_tags": ["birthday", "special"], "description": "타건감이 좋은 개발자용 기계식 키보드입니다."},
                 {"name": "인체공학 마우스", "category": "tech", "price": 50000, "interests": ["coding", "tech", "practical", "office"], "occasion_tags": ["birthday", "special", "random"], "description": "장시간 작업에도 손목이 편안한 인체공학 마우스입니다."},
                 {"name": "스마트 머그컵 (온도 유지)", "category": "home_office", "price": 60000, "interests": ["tech", "practical", "daily"], "occasion_tags": ["birthday", "random"], "description": "음료 온도를 일정하게 유지해주는 스마트 머그컵입니다."},
                 
                 # 편의점 근무 고려한 실용 아이템
                 {"name": "고품질 보온병/텀블러", "category": "practical", "price": 30000, "interests": ["practical", "daily", "comfort"], "occasion_tags": ["birthday", "random", "convenience"], "description": "편의점 근무 중에도 따뜻하거나 시원한 음료를 즐길 수 있는 보온병입니다."},
                 {"name": "편안한 기능성 신발", "category": "practical", "price": 80000, "interests": ["practical", "daily", "comfort", "convenience"], "occasion_tags": ["birthday", "special", "convenience"], "description": "오래 서 있어도 발이 편안한 기능성 신발입니다."},
                 {"name": "핸드크림 세트", "category": "beauty", "price": 25000, "interests": ["practical", "beauty", "daily", "comfort"], "occasion_tags": ["birthday", "random", "convenience"], "description": "잦은 손 소독으로 건조해진 손을 위한 핸드크림 세트입니다."},
                 {"name": "소형 휴대용 선풍기/히터", "category": "practical", "price": 40000, "interests": ["practical", "tech", "comfort", "convenience"], "occasion_tags": ["birthday", "random"], "description": "계절에 맞춰 사용할 수 있는 휴대용 선풍기 또는 히터입니다."},
                 {"name": "튼튼한 에코백/장바구니", "category": "fashion", "price": 20000, "interests": ["practical", "daily", "eco"], "occasion_tags": ["random", "convenience"], "description": "환경을 생각하는 누나를 위한 튼튼한 에코백입니다."},
     
                 # 버스 통근용 아이템
                 {"name": "노이즈 캔슬링 무선 이어폰", "category": "tech", "price": 150000, "interests": ["tech", "music", "practical", "commute", "comfort"], "occasion_tags": ["birthday", "special", "commute"], "description": "출퇴근길 소음을 차단하고 음악에 집중할 수 있는 이어폰입니다."},
                 {"name": "전자책 리더기", "category": "tech", "price": 100000, "interests": ["books", "tech", "commute", "reading"], "occasion_tags": ["birthday", "special", "commute"], "description": "버스 안에서도 가볍게 독서할 수 있는 전자책 리더기입니다."},
                 {"name": "목베개", "category": "travel", "price": 15000, "interests": ["practical", "comfort", "commute"], "occasion_tags": ["random", "commute"], "description": "긴 버스 통근길에 편안함을 더해줄 목베개입니다."},
                 {"name": "휴대용 보조배터리", "category": "tech", "price": 45000, "interests": ["tech", "practical", "commute"], "occasion_tags": ["birthday", "random", "commute"], "description": "이동 중에도 스마트폰 충전 걱정 없는 보조배터리입니다."},
                 {"name": "따뜻한 스카프", "category": "fashion", "price": 30000, "interests": ["fashion", "practical", "commute", "comfort"], "occasion_tags": ["random", "commute"], "description": "추운 출퇴근길에 목을 따뜻하게 감싸줄 스카프입니다."},
                 
                 # 기타 (저렴한 선물 및 범용)
                 {"name": "커피 기프티콘", "category": "food", "price": 5000, "interests": ["daily", "food", "comfort"], "occasion_tags": ["random", "convenience"], "description": "피곤할 때 힘이 되는 시원한 커피 한 잔 기프티콘입니다."},
                 {"name": "초콜릿 세트", "category": "food", "price": 10000, "interests": ["food", "comfort"], "occasion_tags": ["random"], "description": "달콤한 휴식을 위한 프리미엄 초콜릿 세트입니다."},
                 {"name": "마스크팩 세트", "category": "beauty", "price": 12000, "interests": ["beauty", "comfort"], "occasion_tags": ["random"], "description": "지친 피부를 위한 촉촉한 마스크팩 세트입니다."},
                 {"name": "책갈피 세트", "category": "books", "price": 8000, "interests": ["books", "reading"], "occasion_tags": ["random"], "description": "독서를 즐기는 누나를 위한 예쁜 책갈피 세트입니다."},
                 {"name": "미니 화분", "category": "home_decor", "price": 20000, "interests": ["decor", "comfort"], "occasion_tags": ["random"], "description": "책상 위 작은 힐링을 선사할 미니 화분입니다."},
             ]
     
         def recommend_gifts(self, occasion: str, budget: int, interests: list) -> list:
             if not self.validate_budget(budget):
                 return []
     
             # 1차 필터링: 예산 내에 있는 선물만 선택
             eligible_gifts = [
                 gift for gift in self.gifts_db if gift["price"] <= budget
             ]
     
             # 관심사 및 상황에 따른 가중치 부여 (간단한 매칭 로직)
             scored_gifts = []
             for gift in eligible_gifts:
                 score = 0
                 
                 # 관심사 일치 점수 (대소문자 무시)
                 lower_interests = [i.lower() for i in interests]
                 for gift_interest in gift["interests"]:
                     if gift_interest.lower() in lower_interests:
                         score += 5
                 
                 # 상황 일치 점수 (대소문자 무시)
                 lower_occasion_tags = [tag.lower() for tag in gift["occasion_tags"]]
                 if occasion.lower() in lower_occasion_tags:
                     score += 3 
                 
                 # 기본 점수 (모든 예산 내 선물에 적용)
                 score += 1 
     
                 scored_gifts.append((gift, score))
     
             # 점수 기준으로 내림차순 정렬, 점수가 같으면 가격 낮은 순
             scored_gifts.sort(key=lambda x: (x[1], -x[0]['price']), reverse=True)
     
             # 상위 N개 (최대 5개) 추천
             recommended = [item[0] for item in scored_gifts[:5]]
             
             # 만약 아무것도 추천되지 않았다면, 예산 내에서 저렴한 선물 3개 반환 (fallback)
             if not recommended and eligible_gifts:
                 eligible_gifts.sort(key=lambda x: x['price'])
                 return eligible_gifts[:3]
             
             return recommended
     
         def get_gift_categories(self) -> list:
             categories = set()
             for gift in self.gifts_db:
                 categories.add(gift["category"])
             return sorted(list(categories))
     
         def validate_budget(self, budget: int) -> bool:
             return isinstance(budget, (int, float)) and budget > 0
     
     ```
     📁 파일: C:\Users\uu445\projects\duo-chat\shiro_company\output\gift_recommender.py

  [16:52:57] [소라]
     완벽해요, 테오님! 🎉
     
     모든 테스트 통과했습니다. 누나를 위한 선물 추천 시스템이 제대로 작동하네요.
     
     - 예산 필터링 ✅
     - description 키 포함 ✅  
     - 누나 컨텍스트 반영 (AI/개발, 편의점 근무, 버스 통근) ✅
     - 다양한 상황별 추천 ✅
     
     이제 누나가 예산과 관심사만 입력하면 딱 맞는 선물을 추천받을 수 있겠어요!
     
     ****

============================================================
  ✅ 누나! 다 했어요!
  📦 결과물: shiro_company/output/gift_recommender.py
  📋 로그: C:\Users\uu445\projects\duo-chat\shiro_company\logs\task_20260312_165135.log
============================================================
