
============================================================
  시로 컴퍼니 — 자율 협업 모드
  태스크: 투두 리스트 만들어줘
  로그: C:\Users\uu445\projects\duo-chat\shiro_company\logs\task_20260312_162251.log
============================================================
  보드 초기화 완료!
  에이전트 시작 중...
  🟢 테오 시작됨
  🔵 소라 시작됨

============================================================
  실시간 대화 로그
============================================================

  [16:23:06] [소라]
     [FILE:todo_app.py]
     
     안녕하세요 테오님! 투두 리스트 앱을 만들어보겠습니다.
     
     **파일명**: todo_app.py
     
     **구현할 클래스**: TodoApp
     - `add_task(task: str)` - 할일 추가
     - `remove_task(task_id: int)` - 할일 삭제 
     - `mark_complete(task_id: int)` - 완료 표시
     - `get_tasks()` - 전체 할일 목록 조회
     - `get_pending_tasks()` - 미완료 할일만 조회
     - `get_completed_tasks()` - 완료된 할일만 조회
     
     각 할일은 ID, 내용, 완료여부를 가져야 합니다.
     
     ```test
     import pytest
     from todo_app import TodoApp
     
     def test_add_task():
         app = TodoApp()
         task_id = app.add_task("코딩하기")
         assert task_id == 1
         assert len(app.get_tasks()) == 1
     
     def test_add_multiple_tasks():
         app = TodoApp()
         id1 = app.add_task("운동하기")
         id2 = app.add_task("책읽기")
         assert id1 == 1
         assert id2 == 2
         assert len(app.get_tasks()) == 2
     
     def test_remove_task():
         app = TodoApp()
         task_id = app.add_task("삭제할 일")
         app.remove_task(task_id)
         assert len(app.get_tasks()) == 0
     
     def test_mark_complete():
         app = TodoApp()
         task_id = app.add_task("완료할 일")
         app.mark_complete(task_id)
         completed = app.get_completed_tasks()
         assert len(completed) == 1
         assert completed[0]["completed"] == True
     
     def test_get_pending_tasks():
         app = TodoApp()
         app.add_task("미완료1")
         id2 = app.add_task("완료예정")
         app.mark_complete(id2)
         pending = app.get_pending_tasks()
         assert len(pending) == 1
         assert pending[0]["task"] == "미완료1"
     
     def test_remove_nonexistent_task():
         app = TodoApp()
         with pytest.raises(ValueError):
             app.remove_task(999)
     
     def test_mark_complete_nonexistent_task():
         app = TodoApp()
         with pytest.raises(ValueError):
             app.mark_complete(999)
     
     def test_empty_task_string():
         app = TodoApp()
         with pytest.raises(ValueError):
             app.add_task("")
     
     def test_task_structure():
         app = TodoApp()
         task_id = app.add_task("구조 확인")
         tasks = app.get_tasks()
         task = tasks[0]
         assert "id" in task
         assert "task" in task
         assert "completed" in task
     ```
     
     이 테스트들이 모두 통과하도록 구현해주세요!

  [16:23:16] [테오]
     네 형, 투두 리스트 앱 개발 요청 주신 거 확인했어.
     `TodoApp` 클래스랑 메서드들 스펙 맞춰서 코드 작성해봤어. 테스트 케이스 다 통과할 거야.
     
     ```python
     class TodoApp:
         def __init__(self):
             self.tasks = []
             self.next_id = 1
     
         def _find_task_index(self, task_id: int) -> int:
             """내부용: task_id로 인덱스를 찾아 반환합니다. 없으면 ValueError를 발생시킵니다."""
             for i, task in enumerate(self.tasks):
                 if task["id"] == task_id:
                     return i
             raise ValueError(f"Task with ID {task_id} not found.")
     
         def add_task(self, task: str) -> int:
             """
             새로운 할 일을 추가합니다.
             :param task: 할 일 내용
             :return: 할 일 ID
             """
             new_task = {"id": self.next_id, "task": task, "completed": False}
             self.tasks.append(new_task)
             self.next_id += 1
             return new_task["id"]
     
         def remove_task(self, task_id: int):
             """
             할 일을 삭제합니다.
             :param task_id: 삭제할 할 일 ID
             :raises ValueError: 해당 ID의 할 일이 없을 경우
             """
             index = self._find_task_index(task_id)
             del self.tasks[index]
     
         def mark_complete(self, task_id: int):
             """
             할 일을 완료 상태로 변경합니다.
             :param task_id: 완료할 할 일 ID
             :raises ValueError: 해당 ID의 할 일이 없을 경우
             """
             index = self._find_task_index(task_id)
             self.tasks[index]["completed"] = True
     
         def get_tasks(self) -> list:
             """
             전체 할 일 목록을 조회합니다.
             :return: 모든 할 일 목록 (ID, 내용, 완료 여부 포함)
             """
             return [task.copy() for task in self.tasks]
     
         def get_pending_tasks(self) -> list:
             """
             미완료된 할 일 목록을 조회합니다.
             :return: 미완료 할 일 목록
             """
             return [task.copy() for task in self.tasks if not task["completed"]]
     
         def get_completed_tasks(self) -> list:
             """
             완료된 할 일 목록을 조회합니다.
             :return: 완료된 할 일 목록
             """
             return [task.copy() for task in self.tasks if task["completed"]]
     
     ```
     📁 파일: C:\Users\uu445\projects\duo-chat\shiro_company\output\todo_app.py

  [16:23:24] [소라]
     테오님, 테스트 실행 결과 확인했습니다!
     
     8개 테스트는 통과했는데, `test_empty_task_string`이 실패했네요. 빈 문자열로 태스크를 추가할 때 ValueError를 발생시켜야 하는데 현재는 그냥 통과시키고 있습니다.
     
     `add_task` 메서드에서 빈 문자열 검증 로직을 추가해주세요:
     
     ```python
     def add_task(self, task: str) -> int:
         if not task or task.strip() == "":
             raise ValueError("Task cannot be empty")
         # 나머지 기존 코드...
     ```
     
     이 부분만 수정하면 모든 테스트가 통과할 것 같습니다!

  [16:23:29] [테오]
     네 형, 피드백 고마워! `add_task`에 빈 문자열 검증 로직 추가해서 다시 보내줄게.
     
     ```python
     class TodoApp:
         def __init__(self):
             self.tasks = []
             self.next_id = 1
     
         def _find_task_index(self, task_id: int) -> int:
             """내부용: task_id로 인덱스를 찾아 반환합니다. 없으면 ValueError를 발생시킵니다."""
             for i, task in enumerate(self.tasks):
                 if task["id"] == task_id:
                     return i
             raise ValueError(f"Task with ID {task_id} not found.")
     
         def add_task(self, task: str) -> int:
             """
             새로운 할 일을 추가합니다.
             :param task: 할 일 내용
             :return: 할 일 ID
             :raises ValueError: 할 일 내용이 비어있을 경우
             """
             if not task or task.strip() == "":
                 raise ValueError("Task cannot be empty")
             
             new_task = {"id": self.next_id, "task": task, "completed": False}
             self.tasks.append(new_task)
             self.next_id += 1
             return new_task["id"]
     
         def remove_task(self, task_id: int):
             """
             할 일을 삭제합니다.
             :param task_id: 삭제할 할 일 ID
             :raises ValueError: 해당 ID의 할 일이 없을 경우
             """
             index = self._find_task_index(task_id)
             del self.tasks[index]
     
         def mark_complete(self, task_id: int):
             """
             할 일을 완료 상태로 변경합니다.
             :param task_id: 완료할 할 일 ID
             :raises ValueError: 해당 ID의 할 일이 없을 경우
             """
             index = self._find_task_index(task_id)
             self.tasks[index]["completed"] = True
     
         def get_tasks(self) -> list:
             """
             전체 할 일 목록을 조회합니다.
             :return: 모든 할 일 목록 (ID, 내용, 완료 여부 포함)
             """
             return [task.copy() for task in self.tasks]
     
         def get_pending_tasks(self) -> list:
             """
             미완료된 할 일 목록을 조회합니다.
             :return: 미완료 할 일 목록
             """
             return [task.copy() for task in self.tasks if not task["completed"]]
     
         def get_completed_tasks(self) -> list:
             """
             완료된 할 일 목록을 조회합니다.
             :return: 완료된 할 일 목록
             """
             return [task.copy() for task in self.tasks if task["completed"]]
     
     ```
     📁 파일: C:\Users\uu445\projects\duo-chat\shiro_company\output\todo_app.py

  [16:23:35] [소라]
     완벽합니다, 테오님! 🎉
     
     모든 테스트가 통과했네요. 빈 문자열 검증 로직도 잘 추가해주셨고, 전체적으로 깔끔하게 구현하셨습니다.
     
     - 할일 추가/삭제/완료 처리 ✅
     - 상태별 조회 기능 ✅  
     - 에러 처리 (존재하지 않는 ID, 빈 문자열) ✅
     - 데이터 구조 (ID, 내용, 완료여부) ✅
     
     누나가 만족할 투두 리스트 앱이 완성되었습니다!

============================================================
  ✅ 누나! 다 했어요!
  📦 결과물: shiro_company/output/todo_app.py
  📋 로그: C:\Users\uu445\projects\duo-chat\shiro_company\logs\task_20260312_162251.log
============================================================
