
============================================================
  실시간 대화 로그
============================================================

  [17:01:44] [소라]
     [FILE:task_manager.py]
     
     테오님, 오늘은 간단한 태스크 관리 시스템을 만들어보죠. 
     
     **파일명**: task_manager.py
     
     **주요 클래스/함수**:
     - `TaskManager` 클래스
     - `add_task(title, priority="normal")` - 태스크 추가
     - `complete_task(task_id)` - 태스크 완료 처리
     - `list_tasks(filter_by=None)` - 태스크 목록 조회
     - `get_stats()` - 통계 정보 반환
     
     **통과해야 할 테스트**:
     
     ```test
     import pytest
     from task_manager import TaskManager
     
     def test_add_task():
         tm = TaskManager()
         task_id = tm.add_task("테스트 태스크")
         assert task_id == 1
         assert len(tm.tasks) == 1
     
     def test_add_task_with_priority():
         tm = TaskManager()
         tm.add_task("중요한 일", "high")
         assert tm.tasks[1]["priority"] == "high"
     
     def test_complete_task():
         tm = TaskManager()
         task_id = tm.add_task("완료할 일")
         tm.complete_task(task_id)
         assert tm.tasks[task_id]["completed"] == True
     
     def test_list_tasks_all():
         tm = TaskManager()
         tm.add_task("일반 태스크")
         tm.add_task("완료된 태스크")
         tm.complete_task(2)
         tasks = tm.list_tasks()
         assert len(tasks) == 2
     
     def test_list_tasks_pending_only():
         tm = TaskManager()
         tm.add_task("미완료 태스크")
         tm.add_task("완료된 태스크")
         tm.complete_task(2)
         pending = tm.list_tasks("pending")
         assert len(pending) == 1
     
     def test_list_tasks_completed_only():
         tm = TaskManager()
         tm.add_task("미완료 태스크")
         tm.add_task("완료된 태스크")
         tm.complete_task(2)
         completed = tm.list_tasks("completed")
         assert len(completed) == 1
     
     def test_get_stats():
         tm = TaskManager()
         tm.add_task("태스크1")
         tm.add_task("태스크2")
         tm.complete_task(1)
         stats = tm.get_stats()
         assert stats["total"] == 2
         assert stats["completed"] == 1
         assert stats["pending"] == 1
     
     def test_complete_nonexistent_task():
         tm = TaskManager()
         with pytest.raises(KeyError):
             tm.complete_task(999)
     
     def test_empty_title():
         tm = TaskManager()
         with pytest.raises(ValueError):
             tm.add_task("")
     
     def test_invalid_priority():
         tm = TaskManager()
         with pytest.raises(ValueError):
             tm.add_task("태스크", "invalid_priority")
     ```
     
     누나가 편의점에서도 쓸 수 있게 간단하면서도 실용적으로 만들어주세요!

  [17:01:51] [테오]
     네 형, 태스크 관리 시스템 바로 만들어볼게요!
     
     초기 TaskManager 클래스 구현입니다.
     ```python
     class TaskManager:
         def __init__(self):
             self.tasks = {}
             self.next_task_id = 1
     
         def add_task(self, title, priority="normal"):
             task_id = self.next_task_id
             self.tasks[task_id] = {
                 "id": task_id,
                 "title": title,
                 "priority": priority,
                 "completed": False
             }
             self.next_task_id += 1
             return task_id
     
         def complete_task(self, task_id):
             if task_id in self.tasks:
                 self.tasks[task_id]["completed"] = True
     
         def list_tasks(self, filter_by=None):
             filtered_tasks = []
             for task in self.tasks.values():
                 if filter_by is None:
                     filtered_tasks.append(task)
                 elif filter_by == "pending" and not task["completed"]:
                     filtered_tasks.append(task)
                 elif filter_by == "completed" and task["completed"]:
                     filtered_tasks.append(task)
             return filtered_tasks
     
         def get_stats(self):
             total_tasks = len(self.tasks)
             completed_tasks = sum(1 for task in self.tasks.values() if task["completed"])
             pending_tasks = total_tasks - completed_tasks
             return {
                 "total": total_tasks,
                 "completed": completed_tasks,
                 "pending": pending_tasks
             }
     ```
     📁 파일: C:\Users\uu445\projects\duo-chat\shiro_company\output\task_manager.py

  [17:01:56] [소라]
     테오님, 3개 테스트가 실패했네요.
     
     **실패한 부분들**:
     1. `test_complete_nonexistent_task` - 존재하지 않는 태스크 완료 시 KeyError 발생 필요
     2. `test_empty_title` - 빈 제목일 때 ValueError 발생 필요  
     3. `test_invalid_priority` - 잘못된 우선순위일 때 ValueError 발생 필요
     
     에러 처리와 입력 검증을 추가해주세요!

  [17:02:02] [테오]
     형, 에러 처리와 입력 검증을 추가해서 다시 보내드려요!
     ```python
     class TaskManager:
         def __init__(self):
             self.tasks = {}
             self.next_task_id = 1
     
         def add_task(self, title, priority="normal"):
             if not title:
                 raise ValueError("태스크 제목은 비워둘 수 없습니다.")
             
             valid_priorities = ["low", "normal", "high"]
             if priority not in valid_priorities:
                 raise ValueError(f"유효하지 않은 우선순위입니다: {priority}. ('low', 'normal', 'high' 중 하나여야 합니다.)")
     
             task_id = self.next_task_id
             self.tasks[task_id] = {
                 "id": task_id,
                 "title": title,
                 "priority": priority,
                 "completed": False
             }
             self.next_task_id += 1
             return task_id
     
         def complete_task(self, task_id):
             # 존재하지 않는 task_id에 대해 KeyError를 발생시키도록 수정
             self.tasks[task_id]["completed"] = True
     
         def list_tasks(self, filter_by=None):
             filtered_tasks = []
             for task in self.tasks.values():
                 if filter_by is None:
                     filtered_tasks.append(task)
                 elif filter_by == "pending" and not task["completed"]:
                     filtered_tasks.append(task)
                 elif filter_by == "completed" and task["completed"]:
                     filtered_tasks.append(task)
             return filtered_tasks
     
         def get_stats(self):
             total_tasks = len(self.tasks)
             completed_tasks = sum(1 for task in self.tasks.values() if task["completed"])
             pending_tasks = total_tasks - completed_tasks
             return {
                 "total": total_tasks,
                 "completed": completed_tasks,
                 "pending": pending_tasks
             }
     ```
     📁 파일: C:\Users\uu445\projects\duo-chat\shiro_company\output\task_manager.py

  [17:02:08] [소라]
     완벽해요 테오님! 모든 테스트가 통과했네요.
     
     누나가 편의점에서도 쓸 수 있는 실용적인 태스크 매니저가 완성되었습니다. 에러 처리도 깔끔하게 구현해주셨고, 우선순위 시스템과 필터링 기능까지 모두 제대로 작동하네요.
     
     이제 누나가 "재고 정리", "발주 확인", "청소" 같은 업무들을 체계적으로 관리할 수 있을 것 같아요!

============================================================
  ✅ 누나! 다 했어요!
  📦 결과물: shiro_company/output/task_manager.py
  📋 로그: C:\Users\uu445\projects\duo-chat\shiro_company\logs\task_20260312_170130.log
============================================================
